N and M are 8192 and 32768
Graph should have 8192 vertices and 32768 edges.
 It actually has 32768 edges.
Number of sources = 10
sources[0] = 7433
sources[1] = 1041
sources[2] = 7301
sources[3] = 867
sources[4] = 4018
sources[5] = 5908
sources[6] = 68
sources[7] = 375
sources[8] = 7451
sources[9] = 2946

source: 7433
1, 16276
1001, 12407
2001, 17786
3001, 22657
4001, 23648
5001, 22538
6001, 16448
7001, 16073
8001, 9656
8192, 16732
this source run time 0.10246 seconds
------------------------------------

source: 1041
1, 17721
1001, 15687
2001, 19972
3001, 24538
4001, 19939
5001, 25746
6001, 9738
7001, 19413
8001, 10586
8192, 13766
this source run time 0.07172 seconds
------------------------------------

source: 7301
1, 23050
1001, 20188
2001, 21800
3001, 27493
4001, 27614
5001, 28732
6001, 25289
7001, 21111
8001, 21659
8192, 17336
this source run time 0.07409 seconds
------------------------------------

source: 867
1, 13679
1001, 15805
2001, 18405
3001, 24213
4001, 24235
5001, 25447
6001, 18528
7001, 21178
8001, 15086
8192, 12734
this source run time 0.08063 seconds
------------------------------------

source: 4018
1, 21102
1001, 18579
2001, 21616
3001, 23719
4001, 25108
5001, 27915
6001, 19342
7001, 20076
8001, 21778
8192, 21393
this source run time 0.08463 seconds
------------------------------------

source: 5908
1, 15943
1001, 18241
2001, 23069
3001, 18528
4001, 26508
5001, 27081
6001, 16847
7001, 20067
8001, 20548
8192, 19365
this source run time 0.08940 seconds
------------------------------------

source: 68
1, 19040
1001, 11418
2001, 17071
3001, 26981
4001, 19200
5001, 25934
6001, 20332
7001, 20661
8001, 19312
8192, 14984
this source run time 0.07939 seconds
------------------------------------

source: 375
1, 20075
1001, 18886
2001, 15273
3001, 24983
4001, 23643
5001, 26311
6001, 23728
7001, 19872
8001, 16679
8192, 19928
this source run time 0.07869 seconds
------------------------------------

source: 7451
1, 17838
1001, 18560
2001, 22644
3001, 25431
4001, 17278
5001, 21566
6001, 18270
7001, 18727
8001, 21455
8192, 18906
this source run time 0.08131 seconds
------------------------------------

source: 2946
1, 19309
1001, 18458
2001, 16982
3001, 27424
4001, 23665
5001, 25547
6001, 17177
7001, 19280
8001, 22365
8192, 15835
this source run time 0.07494 seconds
------------------------------------
total run time: 0.81737 seconds
