N and M are 524288 and 2097152
Graph should have 524288 vertices and 2097152 edges.
 It actually has 2097152 edges.
Number of sources = 10
sources[0] = 475657
sources[1] = 66592
sources[2] = 467228
sources[3] = 55475
sources[4] = 257107
sources[5] = 378060
sources[6] = 4305
sources[7] = 23993
sources[8] = 476818
sources[9] = 188483

source: 378039
1, 1952951
1001, 1877356
2001, 1938805
3001, 1967928
4001, 1675495
5001, 2020181
6001, 1884767
7001, 1994525
8001, 2109922
9001, 1518478
10001, 1549761
524288, 1962666
this source run time 122.11660 seconds
------------------------------------

source: 378039
1, 2029471
1001, 1778762
2001, 2160571
3001, 2054425
4001, 1775815
5001, 2030307
6001, 1769671
7001, 2066783
8001, 2073545
9001, 1365375
10001, 1441991
524288, 2075572
this source run time 119.85706 seconds
------------------------------------

source: 378039
1, 2440234
1001, 2292339
2001, 2263326
3001, 2345028
4001, 1968127
5001, 2211307
6001, 2023977
7001, 2203370
8001, 1999462
9001, 1494154
10001, 1911520
524288, 2186418
this source run time 122.94943 seconds
------------------------------------

source: 378039
1, 2547133
1001, 2086971
2001, 1984079
3001, 2406423
4001, 2190833
5001, 2261402
6001, 2426666
7001, 2248913
8001, 2595281
9001, 1632084
10001, 1994442
524288, 2637779
this source run time 137.66067 seconds
------------------------------------

source: 378039
1, 2517972
1001, 1788004
2001, 2220789
3001, 2048971
4001, 1823465
5001, 2186558
6001, 1871659
7001, 1925233
8001, 2331607
9001, 1676527
10001, 1660735
524288, 2384442
this source run time 148.19103 seconds
------------------------------------

source: 378039
1, 2320906
1001, 1715081
2001, 2269387
3001, 2132946
4001, 1495310
5001, 2083222
6001, 1654745
7001, 2145000
8001, 1990009
9001, 1397848
10001, 1754303
524288, 2273701
this source run time 129.03960 seconds
------------------------------------

source: 378039
1, 2244387
1001, 1905798
2001, 1657094
3001, 1698190
4001, 1575099
5001, 2137628
6001, 1995150
7001, 2173169
8001, 2108452
9001, 1475213
10001, 1728988
524288, 1903851
this source run time 139.79508 seconds
------------------------------------

source: 378039
1, 2155238
1001, 1739564
2001, 1968448
3001, 2184614
4001, 1860543
5001, 1892719
6001, 1974115
7001, 1754575
8001, 2006441
9001, 1596086
10001, 1716118
524288, 2151795
this source run time 148.54665 seconds
------------------------------------

source: 378039
1, 2549895
1001, 2028522
2001, 2340630
3001, 2179652
4001, 1903206
5001, 2302110
6001, 1936630
7001, 1594797
8001, 2166345
9001, 1749937
10001, 1974405
524288, 1992017
this source run time 133.97870 seconds
------------------------------------

source: 378039
1, 1971686
1001, 1879845
2001, 1983842
3001, 2068399
4001, 1001875
5001, 1868827
6001, 1721307
7001, 1469067
8001, 1851428
9001, 1514573
10001, 1495353
524288, 2255541
this source run time 131.83173 seconds
------------------------------------
total run time: 1333.96690 seconds
