N and M are 16384 and 65536
Graph should have 16384 vertices and 65536 edges.
 It actually has 65536 edges.
Number of sources = 10
sources[0] = 14865
sources[1] = 2081
sources[2] = 14601
sources[3] = 1734
sources[4] = 8035
sources[5] = 11815
sources[6] = 135
sources[7] = 750
sources[8] = 14901
sources[9] = 5891

source: 8204
1, 50629
1001, 39370
2001, 30541
3001, 42574
4001, 33841
5001, 29228
6001, 20683
7001, 54271
8001, 27686
9001, 27574
10001, 34103
16384, 37407
this source run time 0.09560 seconds
------------------------------------

source: 8204
1, 58042
1001, 44243
2001, 33986
3001, 50673
4001, 42139
5001, 41205
6001, 45689
7001, 45425
8001, 46945
9001, 52618
10001, 41707
16384, 40812
this source run time 0.08228 seconds
------------------------------------

source: 8204
1, 50843
1001, 47292
2001, 39272
3001, 39438
4001, 44346
5001, 38711
6001, 33713
7001, 55819
8001, 40716
9001, 42595
10001, 42248
16384, 46062
this source run time 0.09603 seconds
------------------------------------

source: 8204
1, 49983
1001, 35154
2001, 34870
3001, 26949
4001, 33242
5001, 36936
6001, 33162
7001, 46636
8001, 30314
9001, 36805
10001, 33728
16384, 38372
this source run time 0.08951 seconds
------------------------------------

source: 8204
1, 61682
1001, 36813
2001, 35130
3001, 43663
4001, 38279
5001, 42668
6001, 42923
7001, 56576
8001, 30055
9001, 38728
10001, 42415
16384, 42598
this source run time 0.08615 seconds
------------------------------------

source: 8204
1, 66647
1001, 41178
2001, 39453
3001, 47985
4001, 44522
5001, 52762
6001, 46996
7001, 52512
8001, 39183
9001, 55209
10001, 35412
16384, 52833
this source run time 0.08706 seconds
------------------------------------

source: 8204
1, 42160
1001, 20604
2001, 37685
3001, 39615
4001, 26833
5001, 25435
6001, 36946
7001, 49885
8001, 34041
9001, 42901
10001, 26862
16384, 34359
this source run time 0.10549 seconds
------------------------------------

source: 8204
1, 48288
1001, 22819
2001, 20209
3001, 21402
4001, 28206
5001, 33438
6001, 24438
7001, 37776
8001, 34773
9001, 38253
10001, 27238
16384, 35091
this source run time 0.09168 seconds
------------------------------------

source: 8204
1, 49113
1001, 33304
2001, 38642
3001, 16534
4001, 28844
5001, 38050
6001, 36641
7001, 40868
8001, 37080
9001, 40662
10001, 20192
16384, 32455
this source run time 0.08475 seconds
------------------------------------

source: 8204
1, 59627
1001, 47364
2001, 38582
3001, 33813
4001, 43651
5001, 41356
6001, 50699
7001, 51641
8001, 38312
9001, 51184
10001, 34541
16384, 50695
this source run time 0.07903 seconds
------------------------------------
total run time: 0.89767 seconds
