octant 0 *********************************************************
coordinate: [1.310e+00, 6.966e-02, 3.873e-01] velocity: [-1.223e+00, -9.194e-02, -1.487e-01] mass: 6.250e-02
coordinate: [1.453e+00, 9.716e-02, 2.954e-01] velocity: [-4.611e-01, 7.797e-02, 4.395e-01] mass: 6.250e-02
coordinate: [1.011e+00, 3.094e-02, 2.005e-01] velocity: [-5.673e-01, 6.888e-02, -4.007e-01] mass: 6.250e-02
coordinate: [1.411e+00, 7.209e-01, 4.453e-01] velocity: [-7.637e-01, -8.050e-02, -2.676e-01] mass: 6.250e-02
octant 1 *********************************************************
coordinate: [2.182e+00, -2.226e-02, 4.705e-01] velocity: [-2.802e-01, -6.585e-01, 3.321e-01] mass: 6.250e-02
coordinate: [4.748e+00, -7.620e-01, 4.609e-02] velocity: [-3.361e-01, -1.537e-01, -1.756e-01] mass: 6.250e-02
coordinate: [1.944e+00, -5.066e-01, 1.720e-01] velocity: [-1.104e+00, 3.898e-01, 3.645e-01] mass: 6.250e-02
coordinate: [2.063e+00, -3.238e-02, 4.471e-01] velocity: [-2.592e-01, -4.071e-01, -7.521e-01] mass: 6.250e-02
coordinate: [1.994e+00, -1.302e+00, 4.262e-01] velocity: [-8.974e-02, -4.596e-01, 4.032e-01] mass: 6.250e-02
octant 2 *********************************************************
coordinate: [-1.622e+00, -2.022e-02, 3.213e-01] velocity: [7.633e-01, 7.180e-02, 4.804e-01] mass: 6.250e-02
coordinate: [-1.754e+00, -2.484e-01, 1.624e-01] velocity: [7.291e-01, -5.971e-01, -2.436e-01] mass: 6.250e-02
coordinate: [-1.807e+00, -1.687e-01, 5.383e-02] velocity: [-1.129e-01, -2.059e-01, -9.013e-01] mass: 6.250e-02
coordinate: [-2.145e+00, -1.136e+00, 2.955e+00] velocity: [6.359e-01, 3.443e-01, -2.948e-01] mass: 6.250e-02
coordinate: [-1.432e+00, -8.399e-02, 1.765e-01] velocity: [2.378e-01, 1.894e-01, 8.474e-01] mass: 6.250e-02
octant 3 *********************************************************
coordinate: [-2.359e+00, 1.388e-01, 2.900e-01] velocity: [8.020e-01, -4.156e-01, 1.224e-01] mass: 6.250e-02
octant 4 *********************************************************
coordinate: [3.391e+00, 9.513e-01, -1.342e+00] velocity: [-1.751e-01, -3.719e-03, 4.539e-01] mass: 6.250e-02
coordinate: [1.427e+00, 3.600e-01, -9.972e-02] velocity: [-5.721e-01, -2.664e-01, -6.688e-01] mass: 6.250e-02
coordinate: [2.092e+00, 2.302e-01, -6.303e-01] velocity: [-8.383e-01, -1.777e-01, -1.337e-01] mass: 6.250e-02
coordinate: [2.332e+00, 1.081e+00, -1.588e-01] velocity: [-9.494e-03, 1.189e-01, -8.486e-02] mass: 6.250e-02
octant 5 *********************************************************
coordinate: [5.813e-01, -5.808e-01, -3.184e-01] velocity: [-4.777e-01, -1.497e-01, 2.674e-01] mass: 6.250e-02
coordinate: [2.025e+00, -2.145e-01, -1.961e-01] velocity: [-7.218e-01, -2.526e-01, 3.345e-01] mass: 6.250e-02
coordinate: [2.036e+00, -1.205e-01, -1.447e-01] velocity: [2.466e-01, -3.541e-01, 3.698e-02] mass: 6.250e-02
octant 6 *********************************************************
coordinate: [-1.622e+00, -2.022e-02, 3.213e-01] velocity: [7.633e-01, 7.180e-02, 4.804e-01] mass: 6.250e-02
coordinate: [-1.754e+00, -2.484e-01, 1.624e-01] velocity: [7.291e-01, -5.971e-01, -2.436e-01] mass: 6.250e-02
coordinate: [-1.807e+00, -1.687e-01, 5.383e-02] velocity: [-1.129e-01, -2.059e-01, -9.013e-01] mass: 6.250e-02
coordinate: [-2.145e+00, -1.136e+00, 2.955e+00] velocity: [6.359e-01, 3.443e-01, -2.948e-01] mass: 6.250e-02
coordinate: [-1.432e+00, -8.399e-02, 1.765e-01] velocity: [2.378e-01, 1.894e-01, 8.474e-01] mass: 6.250e-02
octant 7 *********************************************************
coordinate: [-2.094e+00, 1.077e+00, -3.193e-01] velocity: [3.682e-01, 3.080e-01, 3.232e-01] mass: 6.250e-02
coordinate: [-8.342e-01, 1.523e+00, -7.746e-01] velocity: [3.930e-01, 4.461e-01, 3.229e-01] mass: 6.250e-02
coordinate: [-2.562e+00, 1.521e+00, -4.601e-01] velocity: [1.983e-01, -5.052e-02, 6.784e-02] mass: 6.250e-02
coordinate: [-2.510e+00, 1.084e+00, -5.939e-02] velocity: [4.556e-01, 6.809e-01, 2.817e-01] mass: 6.250e-02
coordinate: [-2.196e+00, 1.848e-01, -6.964e-01] velocity: [2.027e-01, -2.530e-01, -6.510e-01] mass: 6.250e-02
finish init data
octant 0 *********************************************************
coordinate: [1.310e+00, 6.966e-02, 3.873e-01] velocity: [-1.223e+00, -9.194e-02, -1.487e-01] mass: 6.250e-02
coordinate: [1.453e+00, 9.716e-02, 2.954e-01] velocity: [-4.611e-01, 7.797e-02, 4.395e-01] mass: 6.250e-02
coordinate: [1.011e+00, 3.094e-02, 2.005e-01] velocity: [-5.673e-01, 6.888e-02, -4.007e-01] mass: 6.250e-02
coordinate: [1.411e+00, 7.209e-01, 4.453e-01] velocity: [-7.637e-01, -8.050e-02, -2.676e-01] mass: 6.250e-02
octant 1 *********************************************************
coordinate: [2.182e+00, -2.226e-02, 4.705e-01] velocity: [-2.802e-01, -6.585e-01, 3.321e-01] mass: 6.250e-02
coordinate: [4.748e+00, -7.620e-01, 4.609e-02] velocity: [-3.361e-01, -1.537e-01, -1.756e-01] mass: 6.250e-02
coordinate: [1.944e+00, -5.066e-01, 1.720e-01] velocity: [-1.104e+00, 3.898e-01, 3.645e-01] mass: 6.250e-02
coordinate: [2.063e+00, -3.238e-02, 4.471e-01] velocity: [-2.592e-01, -4.071e-01, -7.521e-01] mass: 6.250e-02
coordinate: [1.994e+00, -1.302e+00, 4.262e-01] velocity: [-8.974e-02, -4.596e-01, 4.032e-01] mass: 6.250e-02
octant 2 *********************************************************
coordinate: [-1.622e+00, -2.022e-02, 3.213e-01] velocity: [7.633e-01, 7.180e-02, 4.804e-01] mass: 6.250e-02
coordinate: [-1.754e+00, -2.484e-01, 1.624e-01] velocity: [7.291e-01, -5.971e-01, -2.436e-01] mass: 6.250e-02
coordinate: [-1.807e+00, -1.687e-01, 5.383e-02] velocity: [-1.129e-01, -2.059e-01, -9.013e-01] mass: 6.250e-02
coordinate: [-2.145e+00, -1.136e+00, 2.955e+00] velocity: [6.359e-01, 3.443e-01, -2.948e-01] mass: 6.250e-02
coordinate: [-1.432e+00, -8.399e-02, 1.765e-01] velocity: [2.378e-01, 1.894e-01, 8.474e-01] mass: 6.250e-02
octant 3 *********************************************************
coordinate: [-2.359e+00, 1.388e-01, 2.900e-01] velocity: [8.020e-01, -4.156e-01, 1.224e-01] mass: 6.250e-02
octant 4 *********************************************************
coordinate: [3.391e+00, 9.513e-01, -1.342e+00] velocity: [-1.751e-01, -3.719e-03, 4.539e-01] mass: 6.250e-02
coordinate: [1.427e+00, 3.600e-01, -9.972e-02] velocity: [-5.721e-01, -2.664e-01, -6.688e-01] mass: 6.250e-02
coordinate: [2.092e+00, 2.302e-01, -6.303e-01] velocity: [-8.383e-01, -1.777e-01, -1.337e-01] mass: 6.250e-02
coordinate: [2.332e+00, 1.081e+00, -1.588e-01] velocity: [-9.494e-03, 1.189e-01, -8.486e-02] mass: 6.250e-02
octant 5 *********************************************************
coordinate: [5.813e-01, -5.808e-01, -3.184e-01] velocity: [-4.777e-01, -1.497e-01, 2.674e-01] mass: 6.250e-02
coordinate: [2.025e+00, -2.145e-01, -1.961e-01] velocity: [-7.218e-01, -2.526e-01, 3.345e-01] mass: 6.250e-02
coordinate: [2.036e+00, -1.205e-01, -1.447e-01] velocity: [2.466e-01, -3.541e-01, 3.698e-02] mass: 6.250e-02
octant 6 *********************************************************
coordinate: [-1.622e+00, -2.022e-02, 3.213e-01] velocity: [7.633e-01, 7.180e-02, 4.804e-01] mass: 6.250e-02
coordinate: [-1.754e+00, -2.484e-01, 1.624e-01] velocity: [7.291e-01, -5.971e-01, -2.436e-01] mass: 6.250e-02
coordinate: [-1.807e+00, -1.687e-01, 5.383e-02] velocity: [-1.129e-01, -2.059e-01, -9.013e-01] mass: 6.250e-02
coordinate: [-2.145e+00, -1.136e+00, 2.955e+00] velocity: [6.359e-01, 3.443e-01, -2.948e-01] mass: 6.250e-02
coordinate: [-1.432e+00, -8.399e-02, 1.765e-01] velocity: [2.378e-01, 1.894e-01, 8.474e-01] mass: 6.250e-02
octant 7 *********************************************************
coordinate: [-2.094e+00, 1.077e+00, -3.193e-01] velocity: [3.682e-01, 3.080e-01, 3.232e-01] mass: 6.250e-02
coordinate: [-8.342e-01, 1.523e+00, -7.746e-01] velocity: [3.930e-01, 4.461e-01, 3.229e-01] mass: 6.250e-02
coordinate: [-2.562e+00, 1.521e+00, -4.601e-01] velocity: [1.983e-01, -5.052e-02, 6.784e-02] mass: 6.250e-02
coordinate: [-2.510e+00, 1.084e+00, -5.939e-02] velocity: [4.556e-01, 6.809e-01, 2.817e-01] mass: 6.250e-02
coordinate: [-2.196e+00, 1.848e-01, -6.964e-01] velocity: [2.027e-01, -2.530e-01, -6.510e-01] mass: 6.250e-02
