MKLROOT=/home/apps/fas/Langs/Intel/icsxe/2013.1.046/composer_xe_2013_sp1.2.144/mkl
MANPATH=/home/apps/fas/Langs/Intel/icsxe/2013.1.046/composer_xe_2013_sp1.2.144/man/en_US:/usr/share/man
MKL_LINK=-L/home/apps/fas/Langs/Intel/icsxe/2013.1.046/composer_xe_2013_sp1.2.144/mkl/lib/intel64 -Wl,--start-group -lmkl_intel_lp64 -lmkl_intel_thread -lmkl_core -Wl,--end-group -lpthread -lm
HOSTNAME=compute-74-1.local
IPPROOT=/home/apps/fas/Langs/Intel/icsxe/2013.1.046/composer_xe_2013_sp1.2.144/ipp
INTEL_LICENSE_FILE=/home/apps/fas/Langs/Intel/icsxe/2013.1.046/composer_xe_2013_sp1.2.144/licenses:/opt/intel/licenses:/home/apps/fas/Licenses/intel_site.lic
TERM=xterm-256color
SHELL=/bin/bash
HISTSIZE=1000
SSH_CLIENT=10.191.63.252 56628 22
LIBRARY_PATH=/home/apps/fas/Langs/Intel/icsxe/2013.1.046/composer_xe_2013_sp1.2.144/ipp/../compiler/lib/intel64:/home/apps/fas/Langs/Intel/icsxe/2013.1.046/composer_xe_2013_sp1.2.144/ipp/lib/intel64:/home/apps/fas/Langs/Intel/icsxe/2013.1.046/composer_xe_2013_sp1.2.144/compiler/lib/intel64:/home/apps/fas/Langs/Intel/icsxe/2013.1.046/composer_xe_2013_sp1.2.144/mkl/lib/intel64:/home/apps/fas/Langs/Intel/icsxe/2013.1.046/composer_xe_2013_sp1.2.144/tbb/lib/intel64/gcc4.4
FPATH=/home/apps/fas/Langs/Intel/icsxe/2013.1.046/composer_xe_2013_sp1.2.144/mkl/include:/home/apps/fas/Langs/Intel/icsxe/2013.1.046/composer_xe_2013_sp1.2.144/mkl/include/intel64/lp64
QTDIR=/usr/lib64/qt-3.3
QTINC=/usr/lib64/qt-3.3/include
MIC_LD_LIBRARY_PATH=/home/apps/fas/Langs/Intel/icsxe/2013.1.046/composer_xe_2013_sp1.2.144/mpirt/lib/mic:/home/apps/fas/Langs/Intel/icsxe/2013.1.046/composer_xe_2013_sp1.2.144/compiler/lib/mic:/home/apps/fas/Langs/Intel/icsxe/2013.1.046/composer_xe_2013_sp1.2.144/mkl/lib/mic:/opt/intel/mic/coi/device-linux-release/lib:/opt/intel/mic/myo/lib:/home/apps/fas/Langs/Intel/icsxe/2013.1.046/composer_xe_2013_sp1.2.144/tbb/lib/mic
SSH_TTY=/dev/pts/3
ANT_HOME=/opt/rocks
USER=lly6
LD_LIBRARY_PATH=/home/apps/fas/Langs/Intel/icsxe/2013.1.046/composer_xe_2013_sp1.2.144/mpirt/lib/intel64:/home/apps/fas/Langs/Intel/icsxe/2013.1.046/composer_xe_2013_sp1.2.144/ipp/../compiler/lib/intel64:/home/apps/fas/Langs/Intel/icsxe/2013.1.046/composer_xe_2013_sp1.2.144/ipp/lib/intel64:/opt/intel/mic/coi/host-linux-release/lib:/opt/intel/mic/myo/lib:/home/apps/fas/Langs/Intel/icsxe/2013.1.046/composer_xe_2013_sp1.2.144/compiler/lib/intel64:/home/apps/fas/Langs/Intel/icsxe/2013.1.046/composer_xe_2013_sp1.2.144/mkl/lib/intel64:/home/apps/fas/Langs/Intel/icsxe/2013.1.046/composer_xe_2013_sp1.2.144/tbb/lib/intel64/gcc4.4
MIC_LIBRARY_PATH=/home/apps/fas/Langs/Intel/icsxe/2013.1.046/composer_xe_2013_sp1.2.144/tbb/lib/mic
ROCKS_ROOT=/opt/rocks
CPATH=/home/apps/fas/Langs/Intel/icsxe/2013.1.046/composer_xe_2013_sp1.2.144/ipp/include:/home/apps/fas/Langs/Intel/icsxe/2013.1.046/composer_xe_2013_sp1.2.144/mkl/include:/home/apps/fas/Langs/Intel/icsxe/2013.1.046/composer_xe_2013_sp1.2.144/tbb/include
YHPC_COMPILER=Intel
NLSPATH=/home/apps/fas/Langs/Intel/icsxe/2013.1.046/composer_xe_2013_sp1.2.144/compiler/lib/intel64/locale/%l_%t/%N:/home/apps/fas/Langs/Intel/icsxe/2013.1.046/composer_xe_2013_sp1.2.144/ipp/lib/intel64/locale/%l_%t/%N:/home/apps/fas/Langs/Intel/icsxe/2013.1.046/composer_xe_2013_sp1.2.144/mkl/lib/intel64/locale/%l_%t/%N:/home/apps/fas/Langs/Intel/icsxe/2013.1.046/composer_xe_2013_sp1.2.144/debugger/gdb/intel64_mic/py26/share/locale/%l_%t/%N:/home/apps/fas/Langs/Intel/icsxe/2013.1.046/composer_xe_2013_sp1.2.144/debugger/gdb/intel64/py26/share/locale/%l_%t/%N:/home/apps/fas/Langs/Intel/icsxe/2013.1.046/composer_xe_2013_sp1.2.144/debugger/intel64/locale/%l_%t/%N
MAIL=/var/spool/mail/lly6
PATH=/home/apps/fas/Langs/Intel/icsxe/2013.1.046/composer_xe_2013_sp1.2.144/mpirt/bin/intel64:/home/apps/fas/Langs/Intel/icsxe/2013.1.046/composer_xe_2013_sp1.2.144/debugger/gdb/intel64_mic/py26/bin:/home/apps/fas/Langs/Intel/icsxe/2013.1.046/composer_xe_2013_sp1.2.144/debugger/gdb/intel64/py26/bin:/home/apps/fas/Langs/Intel/icsxe/2013.1.046/composer_xe_2013_sp1.2.144/bin/intel64:/home/apps/fas/Langs/Intel/icsxe/2013.1.046/composer_xe_2013_sp1.2.144/bin/intel64_mic:/home/apps/fas/Langs/Intel/icsxe/2013.1.046/composer_xe_2013_sp1.2.144/debugger/gui/intel64:/home/apps/fas/Modules:/usr/lib64/qt-3.3/bin:/usr/local/bin:/bin:/usr/bin:/usr/local/sbin:/usr/sbin:/sbin:/usr/java/latest/bin:/opt/rocks/bin:/opt/rocks/sbin:/opt/dell/srvadmin/bin:/home/apps/bin:/home/fas/cpsc424/lly6/bin
YHPC_COMPILER_MINOR=2
TBBROOT=/home/apps/fas/Langs/Intel/icsxe/2013.1.046/composer_xe_2013_sp1.2.144/tbb
F90=ifort
PWD=/home/fas/cpsc424/lly6/assignment1/Part1
_LMFILES_=/home/apps/fas/Modules/Base/yale_hpc:/home/apps/fas/Modules/Langs/Intel/14
YHPC_COMPILER_MAJOR=0
JAVA_HOME=/usr/java/latest
IDB_HOME=/home/apps/fas/Langs/Intel/icsxe/2013.1.046/composer_xe_2013_sp1.2.144/bin/intel64
GDB_CROSS=/home/apps/fas/Langs/Intel/icsxe/2013.1.046/composer_xe_2013_sp1.2.144/debugger/gdb/intel64_mic/py26/bin/gdb-mic
DOMAIN=omega
LANG=en_US.iso885915
MODULEPATH=/home/apps/fas/Modules
YHPC_COMPILER_RELEASE=14
LOADEDMODULES=Base/yale_hpc:Langs/Intel/14
F77=ifort
CXX=icpc
SSH_ASKPASS=/usr/libexec/openssh/gnome-ssh-askpass
HISTCONTROL=ignoredups
SHLVL=1
HOME=/home/fas/cpsc424/lly6
MKL_LINK_SEQUENTIAL=-L/home/apps/fas/Langs/Intel/icsxe/2013.1.046/composer_xe_2013_sp1.2.144/mkl/lib/intel64 -Wl,--start-group -lmkl_intel_lp64 -lmkl_sequential -lmkl_core -Wl,--end-group -lpthread
LOGNAME=lly6
QTLIB=/usr/lib64/qt-3.3/lib
CVS_RSH=ssh
SSH_CONNECTION=10.191.63.252 56628 10.191.14.161 22
MODULESHOME=/usr/share/Modules
LESSOPEN=|/usr/bin/lesspipe.sh %s
arch=intel64
CC=icc
INCLUDE=/home/apps/fas/Langs/Intel/icsxe/2013.1.046/composer_xe_2013_sp1.2.144/mkl/include:/home/apps/fas/Langs/Intel/icsxe/2013.1.046/composer_xe_2013_sp1.2.144/mkl/include/intel64/lp64
G_BROKEN_FILENAMES=1
module=() {  eval `/usr/bin/modulecmd bash $*`
}
_=/bin/env
OLDPWD=/home/fas/cpsc424/lly6/assignment1
