

Initial Conditions (time = 0.0):

     Center of Mass:   (-2.018758e-08, 1.012155e-08, -3.957608e-09)
     Average Velocity: (-5.540197e-09, 3.578887e-09, 7.436020e-09)


Conditions after timestep 128 (time = 4.000000):

     Center of Mass:   (-4.234858e-08, 2.444120e-08, 2.579178e-08)
     Average Velocity: (-5.542162e-09, 3.616399e-09, 7.484593e-09)


Conditions after timestep 256 (time = 8.000000):

     Center of Mass:   (-6.451723e-08, 3.890679e-08, 5.573016e-08)
     Average Velocity: (-5.542162e-09, 3.616399e-09, 7.484593e-09)


Conditions after timestep 384 (time = 12.000000):

     Center of Mass:   (-8.668588e-08, 5.337239e-08, 8.566853e-08)
     Average Velocity: (-5.542162e-09, 3.616399e-09, 7.484593e-09)

Proc 2: Time for 512 timesteps with 6400 bodies: 6.199e-05 seconds

Proc 3: Time for 512 timesteps with 6400 bodies: 3.099e-05 seconds


Conditions after timestep 512 (time = 16.000000):

     Center of Mass:   (-1.088545e-07, 6.783799e-08, 1.156069e-07)
     Average Velocity: (-5.542162e-09, 3.616399e-09, 7.484593e-09)

Proc 0: Time for 512 timesteps with 6400 bodies: 7.200e-05 seconds

Proc 1: Time for 512 timesteps with 6400 bodies: 3.099e-05 seconds

Proc 4: Time for 512 timesteps with 6400 bodies: 5.603e-05 seconds

Proc 5: Time for 512 timesteps with 6400 bodies: 5.198e-05 seconds

Proc 6: Time for 512 timesteps with 6400 bodies: 5.388e-05 seconds

Proc 7: Time for 512 timesteps with 6400 bodies: 3.195e-05 seconds
