

Initial Conditions (time = 0.0):

     Center of Mass:   (-4.128125e-09, -1.835931e-10, -1.653466e-08)
     Average Velocity: (-6.789231e-10, -3.510627e-09, 2.741372e-09)


Conditions after timestep 128 (time = 4.000000):

     Center of Mass:   (-6.843818e-09, -1.422610e-08, -5.569169e-09)
     Average Velocity: (-6.789232e-10, -3.510628e-09, 2.741372e-09)


Conditions after timestep 256 (time = 8.000000):

     Center of Mass:   (-9.559511e-09, -2.826861e-08, 5.396319e-09)
     Average Velocity: (-6.789232e-10, -3.510627e-09, 2.741372e-09)


Conditions after timestep 384 (time = 12.000000):

     Center of Mass:   (-1.227520e-08, -4.231112e-08, 1.636181e-08)
     Average Velocity: (-6.789232e-10, -3.510627e-09, 2.741372e-09)

Proc 3: Time for 512 timesteps with 1600 bodies: 2.313e-05 seconds


Conditions after timestep 512 (time = 16.000000):

     Center of Mass:   (-1.499089e-08, -5.635363e-08, 2.732729e-08)
     Average Velocity: (-6.789231e-10, -3.510628e-09, 2.741372e-09)

Proc 0: Time for 512 timesteps with 1600 bodies: 5.317e-05 seconds

Proc 1: Time for 512 timesteps with 1600 bodies: 2.503e-05 seconds

Proc 2: Time for 512 timesteps with 1600 bodies: 3.099e-05 seconds

Proc 7: Time for 512 timesteps with 1600 bodies: 2.503e-05 seconds

Proc 4: Time for 512 timesteps with 1600 bodies: 4.196e-05 seconds

Proc 5: Time for 512 timesteps with 1600 bodies: 2.599e-05 seconds

Proc 6: Time for 512 timesteps with 1600 bodies: 3.290e-05 seconds
