N and M are 131044 and 522728
Graph should have 131044 vertices and 522728 edges.
 It actually has 522728 edges.
Number of sources = 10
sources[0] = 118889
sources[1] = 16645
sources[2] = 116782
sources[3] = 13866
sources[4] = 64263
sources[5] = 94495
sources[6] = 1076
sources[7] = 5997
sources[8] = 119179
sources[9] = 47111

source: 118889
1, 10522075
1001, 10971704
2001, 13602961
3001, 9457129
4001, 8960733
5001, 13254861
6001, 5894331
7001, 6009233
8001, 4571845
9001, 11420148
10001, 8708183
131044, 11852056
this source run time 15.18598 seconds
------------------------------------

source: 16645
1, 13218690
1001, 8466429
2001, 15562076
3001, 12717181
4001, 13709052
5001, 8712142
6001, 4156522
7001, 13491911
8001, 6427104
9001, 9970485
10001, 7334813
131044, 6843846
this source run time 18.31910 seconds
------------------------------------

source: 116782
1, 14389042
1001, 12365384
2001, 17469928
3001, 13428298
4001, 13570260
5001, 13267296
6001, 7127191
7001, 10719115
8001, 7469148
9001, 13364368
10001, 10537389
131044, 11641050
this source run time 17.85013 seconds
------------------------------------

source: 13866
1, 3087613
1001, 8133934
2001, 631567
3001, 4295201
4001, 5867505
5001, 10839351
6001, 11135345
7001, 13640310
8001, 10179131
9001, 6534122
10001, 8204069
131044, 11909038
this source run time 21.31910 seconds
------------------------------------

source: 64263
1, 4036578
1001, 9658821
2001, 1348125
3001, 5225689
4001, 6535266
5001, 12269060
6001, 12641930
7001, 14703411
8001, 11484416
9001, 8059009
10001, 9728956
131044, 13433925
this source run time 21.45306 seconds
------------------------------------

source: 94495
1, 8985372
1001, 6578783
2001, 11954444
3001, 8420606
4001, 9100500
5001, 8724027
6001, 1363497
7001, 10230291
8001, 1711793
9001, 7347294
10001, 4520315
131044, 7321222
this source run time 11.44792 seconds
------------------------------------

source: 1076
1, 2803787
1001, 9069371
2001, 1263010
3001, 3955211
4001, 5264788
5001, 11774788
6001, 11700727
7001, 13432933
8001, 10228886
9001, 7469559
10001, 9028906
131044, 12844475
this source run time 21.31820 seconds
------------------------------------

source: 5997
1, 5953467
1001, 9848676
2001, 9329928
3001, 4688447
4001, 4047029
5001, 13012001
6001, 7009317
7001, 5564822
8001, 4760656
9001, 9093356
10001, 7829443
131044, 12000754
this source run time 13.84896 seconds
------------------------------------

source: 119179
1, 2542777
1001, 5718905
2001, 4305828
3001, 3110103
4001, 4798943
5001, 8675788
6001, 7575866
7001, 11640018
8001, 6721253
9001, 4186941
10001, 4825883
131044, 9243564
this source run time 13.03297 seconds
------------------------------------

source: 47111
1, 6561168
1001, 2174062
2001, 7751049
3001, 6446532
4001, 7957639
5001, 5337387
6001, 4484855
7001, 13077966
8001, 5096297
9001, 2210659
10001, 1018837
131044, 5428121
this source run time 12.22165 seconds
------------------------------------
total run time: 165.99747 seconds
